flashrom p1.0-144-gd82be7b on Linux 4.15.0-29-generic (x86_64)
flashrom is free software, get the source code at https://flashrom.org

flashrom was built with libpci 3.5.2, GCC 7.3.0, little endian
Command line (5 args): flashrom -V -p internal:laptop=force_I_want_a_brick -r rom.bin
Using clock_gettime for delay loops (clk_id: 1, resolution: 1ns).
Initializing internal programmer
/sys/class/mtd/mtd0 does not exist
No coreboot table found.
Using Internal DMI decoder.
No DMI table found.
W836xx enter config mode worked or we were already in config mode. W836xx leave config mode had no effect.
Active config mode, unknown reg 0x20 ID: 89.
Found chipset "Intel Kaby Lake Y w/ iHDCP2.2 Prem." with PCI ID 8086:9d4b.
This chipset is marked as untested. If you are using an up-to-date version
of flashrom *and* were (not) able to successfully update your firmware with it,
then please email a report to flashrom@flashrom.org including a verbose (-V) log.
Thank you!
Enabling flash write... BIOS_SPI_BC = 0xa88: BIOS Interface Lock-Down: enabled, Boot BIOS Straps: 0x0 (SPI)
Top Swap: not enabled
SPI Read Configuration: prefetching enabled, caching enabled, 
BIOS_CNTL = 0x89: BIOS Lock Enable: disabled, BIOS Write Enable: enabled
SPIBAR = 0x00007f745af8a000 (phys = 0xfe010000)
0x04: 0xe804 (HSFS)
HSFS: FDONE=0, FCERR=0, AEL=1, SCIP=0, PRR34_LOCKDN=0, WRSDIS=1, FDOPSS=1, FDV=1, FLOCKDN=1
SPI Configuration is locked down.
Reading OPCODES... done
0x06: 0x0010 (HSFC)
HSFC: FGO=0, HSFC=8, WET=0, FDBC=0, SME=0
0x0c: 0x00000000 (DLOCK)
DLOCK: BMWAG_LOCKDN=0, BMRAG_LOCKDN=0, SBMWAG_LOCKDN=0, SBMRAG_LOCKDN=0,
       PR0_LOCKDN=0, PR1_LOCKDN=0, PR2_LOCKDN=0, PR3_LOCKDN=0, PR4_LOCKDN=0,
       SSEQ_LOCKDN=0
0x50: 0x0000ffff (FRAP)
BMWAG 0x00, BMRAG 0x00, BRWA 0xff, BRRA 0xff
0x54: 0x00000000 FREG0: Flash Descriptor region (0x00000000-0x00000fff) is read-write.
0x58: 0x07ff0200 FREG1: BIOS region (0x00200000-0x007fffff) is read-write.
0x5C: 0x01ff0001 FREG2: Management Engine region (0x00001000-0x001fffff) is read-write.
0xa0: 0x90 (SSFS)
SSFS: SCIP=0, FDONE=0, FCERR=0, AEL=1
0xa1: 0xfe0000 (SSFC)
SSFC: SCGO=0, ACS=0, SPOP=0, COP=0, DBC=0, SME=0, SCF=6
0xa4: 0x0000     (PREOP)
0xa6: 0x0000     (OPTYPE)
0xa8: 0x00000000 (OPMENU)
0xac: 0x00000000 (OPMENU+4)
Enabling hardware sequencing because some important opcode is locked.
OK.
The following protocols are supported: Parallel, LPC, FWH, Programmer-specific.
Probing for Programmer Opaque flash chip, 0 kB: Hardware sequencing reports 1 attached SPI flash chip with a density of 8192 kB.
Found Programmer flash chip "Opaque flash chip" (8192 kB, Programmer-specific) mapped at physical address 0x0000000000000000.
Probing for AMD Am29F010, 128 kB: probe_jedec_common: id1 0xeb, id2 0x2e, id1 parity violation, id1 is normal flash content, id2 is normal flash content
Probing for AMD Am29F010A/B, 128 kB: probe_jedec_common: id1 0xeb, id2 0x2e, id1 parity violation, id1 is normal flash content, id2 is normal flash content
Probing for AMD Am29F002(N)BB, 256 kB: probe_jedec_common: id1 0xe0, id2 0x01, id1 is normal flash content, id2 is normal flash content
Probing for AMD Am29F002(N)BT, 256 kB: probe_jedec_common: id1 0xe0, id2 0x01, id1 is normal flash content, id2 is normal flash content
Probing for AMD Am29F016D, 2048 kB: probe_jedec_common: id1 0xd0, id2 0xeb, id1 is normal flash content, id2 is normal flash content
Probing for AMD Am29F040, 512 kB: probe_jedec_common: id1 0xcf, id2 0xc1, id1 parity violation, id1 is normal flash content, id2 is normal flash content
Probing for AMD Am29F040B, 512 kB: probe_jedec_common: id1 0xcf, id2 0xc1, id1 parity violation, id1 is normal flash content, id2 is normal flash content
Probing for AMD Am29F080, 1024 kB: probe_jedec_common: id1 0xff, id2 0x23, id1 parity violation, id1 is normal flash content, id2 is normal flash content
Probing for AMD Am29F080B, 1024 kB: probe_jedec_common: id1 0xff, id2 0x23, id1 parity violation, id1 is normal flash content, id2 is normal flash content
Probing for AMD Am29LV001BB, 128 kB: probe_jedec_common: id1 0xeb, id2 0x2e, id1 parity violation, id1 is normal flash content, id2 is normal flash content
Probing for AMD Am29LV001BT, 128 kB: probe_jedec_common: id1 0xeb, id2 0x2e, id1 parity violation, id1 is normal flash content, id2 is normal flash content
Probing for AMD Am29LV002BB, 256 kB: probe_jedec_common: id1 0xe0, id2 0x01, id1 is normal flash content, id2 is normal flash content
Probing for AMD Am29LV002BT, 256 kB: probe_jedec_common: id1 0xe0, id2 0x01, id1 is normal flash content, id2 is normal flash content
Probing for AMD Am29LV004BB, 512 kB: probe_jedec_common: id1 0xcf, id2 0xc1, id1 parity violation, id1 is normal flash content, id2 is normal flash content
Probing for AMD Am29LV004BT, 512 kB: probe_jedec_common: id1 0xcf, id2 0xc1, id1 parity violation, id1 is normal flash content, id2 is normal flash content
Probing for AMD Am29LV008BB, 1024 kB: probe_jedec_common: id1 0xff, id2 0x23, id1 parity violation, id1 is normal flash content, id2 is normal flash content
Probing for AMD Am29LV008BT, 1024 kB: probe_jedec_common: id1 0xff, id2 0x23, id1 parity violation, id1 is normal flash content, id2 is normal flash content
Probing for AMD Am29LV040B, 512 kB: probe_jedec_common: id1 0xcf, id2 0xc1, id1 parity violation, id1 is normal flash content, id2 is normal flash content
Probing for AMD Am29LV081B, 1024 kB: probe_jedec_common: id1 0xff, id2 0x23, id1 parity violation, id1 is normal flash content, id2 is normal flash content
Probing for AMIC A29002B, 256 kB: probe_jedec_common: id1 0xe0, id2 0x01, id1 is normal flash content, id2 is normal flash content
Probing for AMIC A29002T, 256 kB: probe_jedec_common: id1 0xe0, id2 0x01, id1 is normal flash content, id2 is normal flash content
Probing for AMIC A29040B, 512 kB: probe_jedec_common: id1 0xcf, id2 0xc1, id1 parity violation, id1 is normal flash content, id2 is normal flash content
Probing for AMIC A49LF040A, 512 kB: probe_jedec_common: id1 0xcf, id2 0xc1, id1 parity violation, id1 is normal flash content, id2 is normal flash content
Probing for Atmel AT29C512, 64 kB: probe_jedec_common: id1 0x00, id2 0x00, id1 parity violation, id1 is normal flash content, id2 is normal flash content
Probing for Atmel AT29C010A, 128 kB: probe_jedec_common: id1 0xeb, id2 0x2e, id1 parity violation, id1 is normal flash content, id2 is normal flash content
Probing for Atmel AT29C020, 256 kB: probe_jedec_common: id1 0xe0, id2 0x01, id1 is normal flash content, id2 is normal flash content
Probing for Atmel AT29C040A, 512 kB: probe_jedec_common: id1 0xcf, id2 0xc1, id1 parity violation, id1 is normal flash content, id2 is normal flash content
Probing for Atmel AT49BV512, 64 kB: probe_jedec_common: id1 0x00, id2 0x00, id1 parity violation, id1 is normal flash content, id2 is normal flash content
Probing for Atmel AT49F002(N), 256 kB: probe_jedec_common: id1 0xe0, id2 0x01, id1 is normal flash content, id2 is normal flash content
Probing for Atmel AT49F002(N)T, 256 kB: probe_jedec_common: id1 0xe0, id2 0x01, id1 is normal flash content, id2 is normal flash content
Probing for Atmel AT49(H)F010, 128 kB: probe_jedec_common: id1 0xeb, id2 0x2e, id1 parity violation, id1 is normal flash content, id2 is normal flash content
Probing for Atmel AT49F020, 256 kB: probe_jedec_common: id1 0xe0, id2 0x01, id1 is normal flash content, id2 is normal flash content
Probing for Atmel AT49F040, 512 kB: probe_jedec_common: id1 0xcf, id2 0xc1, id1 parity violation, id1 is normal flash content, id2 is normal flash content
Probing for Atmel AT49F080, 1024 kB: probe_jedec_common: id1 0xff, id2 0x23, id1 parity violation, id1 is normal flash content, id2 is normal flash content
Probing for Atmel AT49F080T, 1024 kB: probe_jedec_common: id1 0xff, id2 0x23, id1 parity violation, id1 is normal flash content, id2 is normal flash content
Probing for Atmel AT49LH002, 256 kB: probe_82802ab: id1 0xe0, id2 0x01, id1 is normal flash content, id2 is normal flash content
Probing for Atmel AT49LH00B4, 512 kB: probe_82802ab: id1 0xcf, id2 0xc1, id1 parity violation, id1 is normal flash content, id2 is normal flash content
Probing for Atmel AT49LH004, 512 kB: probe_82802ab: id1 0xcf, id2 0xc1, id1 parity violation, id1 is normal flash content, id2 is normal flash content
Probing for Catalyst CAT28F512, 64 kB: probe_jedec_common: id1 0x00, id2 0x00, id1 parity violation, id1 is normal flash content, id2 is normal flash content
Probing for Bright BM29F040, 512 kB: probe_jedec_common: id1 0xcf, id2 0xc1, id1 parity violation, id1 is normal flash content, id2 is normal flash content
Probing for ESMT F49B002UA, 256 kB: probe_jedec_common: id1 0xe0, id2 0x01, id1 is normal flash content, id2 is normal flash content
Probing for Eon EN29F010, 128 kB: probe_jedec_common: id1 0xeb, id2 0x2e, id1 parity violation, id1 is normal flash content, id2 is normal flash content
Probing for Eon EN29F002(A)(N)B, 256 kB: probe_jedec_common: id1 0xe0, id2 0x01, id1 is normal flash content, id2 is normal flash content
Probing for Eon EN29F002(A)(N)T, 256 kB: probe_jedec_common: id1 0xe0, id2 0x01, id1 is normal flash content, id2 is normal flash content
Probing for Eon EN29LV040(A), 512 kB: probe_jedec_common: id1 0xcf, id2 0xc1, id1 parity violation, id1 is normal flash content, id2 is normal flash content
Probing for Eon EN29LV640B, 8192 kB: probe_en29lv640b: id1 0xffff, id2 0x00ff
Probing for Eon EN29GL064(A)B, 8192 kB: probe_jedec_29gl: man_id 0xff, dev_id 0xffffff, man_id parity violation, man_id seems to be normal flash content, dev_id seems to be normal flash content
Probing for Eon EN29GL064(A)T, 8192 kB: probe_jedec_29gl: man_id 0xff, dev_id 0xffffff, man_id parity violation, man_id seems to be normal flash content, dev_id seems to be normal flash content
Probing for Eon EN29GL064H/L, 8192 kB: probe_jedec_29gl: man_id 0xff, dev_id 0xffffff, man_id parity violation, man_id seems to be normal flash content, dev_id seems to be normal flash content
Probing for Eon EN29GL128, 16384 kB: probe_jedec_29gl: man_id 0xff, dev_id 0xffffff, man_id parity violation, man_id seems to be normal flash content, dev_id seems to be normal flash content
Probing for Fujitsu MBM29F004BC, 512 kB: probe_jedec_common: id1 0xcf, id2 0xc1, id1 parity violation, id1 is normal flash content, id2 is normal flash content
Probing for Fujitsu MBM29F004TC, 512 kB: probe_jedec_common: id1 0xcf, id2 0xc1, id1 parity violation, id1 is normal flash content, id2 is normal flash content
Probing for Fujitsu MBM29F400BC, 512 kB: probe_jedec_common: id1 0xcf, id2 0xe1, id1 parity violation, id1 is normal flash content, id2 is normal flash content
Probing for Fujitsu MBM29F400TC, 512 kB: probe_jedec_common: id1 0xcf, id2 0xe1, id1 parity violation, id1 is normal flash content, id2 is normal flash content
Probing for Fujitsu MBM29LV160BE, 2048 kB: probe_jedec_common: id1 0xd0, id2 0xaa, id1 is normal flash content, id2 is normal flash content
Probing for Fujitsu MBM29LV160TE, 2048 kB: probe_jedec_common: id1 0xd0, id2 0xaa, id1 is normal flash content, id2 is normal flash content
Probing for Hyundai HY29F002T, 256 kB: probe_jedec_common: id1 0xe0, id2 0x01, id1 is normal flash content, id2 is normal flash content
Probing for Hyundai HY29F002B, 256 kB: probe_jedec_common: id1 0xe0, id2 0x01, id1 is normal flash content, id2 is normal flash content
Probing for Hyundai HY29F040A, 512 kB: probe_jedec_common: id1 0xcf, id2 0xc1, id1 parity violation, id1 is normal flash content, id2 is normal flash content
Probing for Intel 28F001BN/BX-B, 128 kB: probe_jedec_common: id1 0xeb, id2 0x2e, id1 parity violation, id1 is normal flash content, id2 is normal flash content
Probing for Intel 28F001BN/BX-T, 128 kB: probe_jedec_common: id1 0xeb, id2 0x2e, id1 parity violation, id1 is normal flash content, id2 is normal flash content
Probing for Intel 28F002BC/BL/BV/BX-T, 256 kB: probe_82802ab: id1 0xe0, id2 0x01, id1 is normal flash content, id2 is normal flash content
Probing for Intel 28F008S3/S5/SC, 512 kB: probe_82802ab: id1 0xcf, id2 0xc1, id1 parity violation, id1 is normal flash content, id2 is normal flash content
Probing for Intel 28F004B5/BE/BV/BX-B, 512 kB: probe_82802ab: id1 0xcf, id2 0xc1, id1 parity violation, id1 is normal flash content, id2 is normal flash content
Probing for Intel 28F004B5/BE/BV/BX-T, 512 kB: probe_82802ab: id1 0xcf, id2 0xc1, id1 parity violation, id1 is normal flash content, id2 is normal flash content
Probing for Intel 28F400BV/BX/CE/CV-B, 512 kB: probe_82802ab: id1 0xcf, id2 0xe1, id1 parity violation, id1 is normal flash content, id2 is normal flash content
Probing for Intel 28F400BV/BX/CE/CV-T, 512 kB: probe_82802ab: id1 0xcf, id2 0xe1, id1 parity violation, id1 is normal flash content, id2 is normal flash content
Probing for Intel 82802AB, 512 kB: probe_82802ab: id1 0xcf, id2 0xc1, id1 parity violation, id1 is normal flash content, id2 is normal flash content
Probing for Intel 82802AC, 1024 kB: probe_82802ab: id1 0xff, id2 0x23, id1 parity violation, id1 is normal flash content, id2 is normal flash content
Probing for ISSI IS29GL064B, 8192 kB: probe_jedec_29gl: man_id 0xff, dev_id 0xffffff, man_id parity violation, man_id seems to be normal flash content, dev_id seems to be normal flash content
Probing for ISSI IS29GL064T, 8192 kB: probe_jedec_29gl: man_id 0xff, dev_id 0xffffff, man_id parity violation, man_id seems to be normal flash content, dev_id seems to be normal flash content
Probing for ISSI IS29GL064H/L, 8192 kB: probe_jedec_29gl: man_id 0xff, dev_id 0xffffff, man_id parity violation, man_id seems to be normal flash content, dev_id seems to be normal flash content
Probing for ISSI IS29GL128H/L, 16384 kB: probe_jedec_29gl: man_id 0xff, dev_id 0xffffff, man_id parity violation, man_id seems to be normal flash content, dev_id seems to be normal flash content
Probing for Macronix MX29F001B, 128 kB: probe_jedec_common: id1 0xeb, id2 0x2e, id1 parity violation, id1 is normal flash content, id2 is normal flash content
Probing for Macronix MX29F001T, 128 kB: probe_jedec_common: id1 0xeb, id2 0x2e, id1 parity violation, id1 is normal flash content, id2 is normal flash content
Probing for Macronix MX29F002(N)B, 256 kB: probe_jedec_common: id1 0xe0, id2 0x01, id1 is normal flash content, id2 is normal flash content
Probing for Macronix MX29F002(N)T, 256 kB: probe_jedec_common: id1 0xe0, id2 0x01, id1 is normal flash content, id2 is normal flash content
Probing for Macronix MX29F022(N)B, 256 kB: probe_jedec_common: id1 0xe0, id2 0x01, id1 is normal flash content, id2 is normal flash content
Probing for Macronix MX29F022(N)T, 256 kB: probe_jedec_common: id1 0xe0, id2 0x01, id1 is normal flash content, id2 is normal flash content
Probing for Macronix MX29F040, 512 kB: probe_jedec_common: id1 0xcf, id2 0xc1, id1 parity violation, id1 is normal flash content, id2 is normal flash content
Probing for Macronix MX29GL320EB, 4096 kB: probe_jedec_29gl: man_id 0xbe, dev_id 0xf4f726, man_id parity violation, man_id seems to be normal flash content, dev_id seems to be normal flash content
Probing for Macronix MX29GL320ET, 4096 kB: probe_jedec_29gl: man_id 0xbe, dev_id 0xf4f726, man_id parity violation, man_id seems to be normal flash content, dev_id seems to be normal flash content
Probing for Macronix MX29GL320EH/L, 4096 kB: probe_jedec_29gl: man_id 0xbe, dev_id 0xf4f726, man_id parity violation, man_id seems to be normal flash content, dev_id seems to be normal flash content
Probing for Macronix MX29GL640EB, 8192 kB: probe_jedec_29gl: man_id 0xff, dev_id 0xffffff, man_id parity violation, man_id seems to be normal flash content, dev_id seems to be normal flash content
Probing for Macronix MX29GL640ET, 8192 kB: probe_jedec_29gl: man_id 0xff, dev_id 0xffffff, man_id parity violation, man_id seems to be normal flash content, dev_id seems to be normal flash content
Probing for Macronix MX29GL640EH/L, 8192 kB: probe_jedec_29gl: man_id 0xff, dev_id 0xffffff, man_id parity violation, man_id seems to be normal flash content, dev_id seems to be normal flash content
Probing for Macronix MX29GL128F, 16384 kB: probe_jedec_29gl: man_id 0xff, dev_id 0xffffff, man_id parity violation, man_id seems to be normal flash content, dev_id seems to be normal flash content
Probing for Macronix MX29LV040, 512 kB: probe_jedec_common: id1 0xcf, id2 0xc1, id1 parity violation, id1 is normal flash content, id2 is normal flash content
Probing for MoselVitelic V29C51000B, 64 kB: probe_jedec_common: id1 0x00, id2 0x00, id1 parity violation, id1 is normal flash content, id2 is normal flash content
Probing for MoselVitelic V29C51000T, 64 kB: probe_jedec_common: id1 0x00, id2 0x00, id1 parity violation, id1 is normal flash content, id2 is normal flash content
Probing for MoselVitelic V29C51400B, 512 kB: probe_jedec_common: id1 0xcf, id2 0xc1, id1 parity violation, id1 is normal flash content, id2 is normal flash content
Probing for MoselVitelic V29C51400T, 512 kB: probe_jedec_common: id1 0xcf, id2 0xc1, id1 parity violation, id1 is normal flash content, id2 is normal flash content
Probing for MoselVitelic V29LC51000, 64 kB: probe_jedec_common: id1 0x00, id2 0x00, id1 parity violation, id1 is normal flash content, id2 is normal flash content
Probing for MoselVitelic V29LC51001, 128 kB: probe_jedec_common: id1 0xeb, id2 0x2e, id1 parity violation, id1 is normal flash content, id2 is normal flash content
Probing for MoselVitelic V29LC51002, 256 kB: probe_jedec_common: id1 0xe0, id2 0x01, id1 is normal flash content, id2 is normal flash content
Probing for PMC Pm29F002T, 256 kB: Chip lacks correct probe timing information, using default 10ms/40us. probe_jedec_common: id1 0xe0, id2 0x01, id1 is normal flash content, id2 is normal flash content
Probing for PMC Pm29F002B, 256 kB: Chip lacks correct probe timing information, using default 10ms/40us. probe_jedec_common: id1 0xe0, id2 0x01, id1 is normal flash content, id2 is normal flash content
Probing for PMC Pm39LV010, 128 kB: probe_jedec_common: id1 0xeb, id2 0x2e, id1 parity violation, id1 is normal flash content, id2 is normal flash content
Probing for PMC Pm39LV020, 256 kB: probe_jedec_common: id1 0xe0, id2 0x01, id1 is normal flash content, id2 is normal flash content
Probing for PMC Pm39LV040, 512 kB: probe_jedec_common: id1 0xcf, id2 0xc1, id1 parity violation, id1 is normal flash content, id2 is normal flash content
Probing for PMC Pm39LV512, 64 kB: probe_jedec_common: id1 0x00, id2 0x00, id1 parity violation, id1 is normal flash content, id2 is normal flash content
Probing for PMC Pm49FL002, 256 kB: probe_jedec_common: id1 0xe0, id2 0x01, id1 is normal flash content, id2 is normal flash content
Probing for PMC Pm49FL004, 512 kB: probe_jedec_common: id1 0xcf, id2 0xc1, id1 parity violation, id1 is normal flash content, id2 is normal flash content
Probing for Sharp LH28F008BJT-BTLZ1, 1024 kB: probe_82802ab: id1 0xff, id2 0x23, id1 parity violation, id1 is normal flash content, id2 is normal flash content
Probing for Sharp LHF00L04, 1024 kB: probe_82802ab: id1 0xff, id2 0x23, id1 parity violation, id1 is normal flash content, id2 is normal flash content
Probing for SST SST28SF040A, 512 kB: probe_82802ab: id1 0xcf, id2 0xc1, id1 parity violation, id1 is normal flash content, id2 is normal flash content
Probing for SST SST29EE010, 128 kB: probe_jedec_common: id1 0xeb, id2 0x2e, id1 parity violation, id1 is normal flash content, id2 is normal flash content
Probing for SST SST29LE010, 128 kB: probe_jedec_common: id1 0xeb, id2 0x2e, id1 parity violation, id1 is normal flash content, id2 is normal flash content
Probing for SST SST29EE020A, 256 kB: probe_jedec_common: id1 0xe0, id2 0x01, id1 is normal flash content, id2 is normal flash content
Probing for SST SST29LE020, 256 kB: probe_jedec_common: id1 0xe0, id2 0x01, id1 is normal flash content, id2 is normal flash content
Probing for SST SST39SF512, 64 kB: probe_jedec_common: id1 0x00, id2 0x00, id1 parity violation, id1 is normal flash content, id2 is normal flash content
Probing for SST SST39SF010A, 128 kB: probe_jedec_common: id1 0xeb, id2 0x2e, id1 parity violation, id1 is normal flash content, id2 is normal flash content
Probing for SST SST39SF020A, 256 kB: probe_jedec_common: id1 0xe0, id2 0x01, id1 is normal flash content, id2 is normal flash content
Probing for SST SST39SF040, 512 kB: probe_jedec_common: id1 0xcf, id2 0xc1, id1 parity violation, id1 is normal flash content, id2 is normal flash content
Probing for SST SST39VF512, 64 kB: probe_jedec_common: id1 0x00, id2 0x00, id1 parity violation, id1 is normal flash content, id2 is normal flash content
Probing for SST SST39VF010, 128 kB: probe_jedec_common: id1 0xeb, id2 0x2e, id1 parity violation, id1 is normal flash content, id2 is normal flash content
Probing for SST SST39VF020, 256 kB: probe_jedec_common: id1 0xe0, id2 0x01, id1 is normal flash content, id2 is normal flash content
Probing for SST SST39VF040, 512 kB: probe_jedec_common: id1 0xcf, id2 0xc1, id1 parity violation, id1 is normal flash content, id2 is normal flash content
Probing for SST SST39VF080, 1024 kB: probe_jedec_common: id1 0xff, id2 0x23, id1 parity violation, id1 is normal flash content, id2 is normal flash content
Probing for SST SST49LF002A/B, 256 kB: probe_jedec_common: id1 0xe0, id2 0x01, id1 is normal flash content, id2 is normal flash content
Probing for SST SST49LF003A/B, 384 kB: probe_jedec_common: id1 0x0f, id2 0x85, id1 parity violation, id1 is normal flash content, id2 is normal flash content
Probing for SST SST49LF004A/B, 512 kB: probe_jedec_common: id1 0xcf, id2 0xc1, id1 parity violation, id1 is normal flash content, id2 is normal flash content
Probing for SST SST49LF004C, 512 kB: probe_82802ab: id1 0xcf, id2 0xc1, id1 parity violation, id1 is normal flash content, id2 is normal flash content
Probing for SST SST49LF008A, 1024 kB: probe_jedec_common: id1 0xff, id2 0x23, id1 parity violation, id1 is normal flash content, id2 is normal flash content
Probing for SST SST49LF008C, 1024 kB: probe_82802ab: id1 0xff, id2 0x23, id1 parity violation, id1 is normal flash content, id2 is normal flash content
Probing for SST SST49LF016C, 2048 kB: probe_82802ab: id1 0xd0, id2 0xeb, id1 is normal flash content, id2 is normal flash content
Probing for SST SST49LF020, 256 kB: probe_jedec_common: id1 0xe0, id2 0x01, id1 is normal flash content, id2 is normal flash content
Probing for SST SST49LF020A, 256 kB: probe_jedec_common: id1 0xe0, id2 0x01, id1 is normal flash content, id2 is normal flash content
Probing for SST SST49LF040, 512 kB: probe_jedec_common: id1 0xcf, id2 0xc1, id1 parity violation, id1 is normal flash content, id2 is normal flash content
Probing for SST SST49LF040B, 512 kB: probe_jedec_common: id1 0xcf, id2 0xc1, id1 parity violation, id1 is normal flash content, id2 is normal flash content
Probing for SST SST49LF080A, 1024 kB: Chip lacks correct probe timing information, using default 10ms/40us. probe_jedec_common: id1 0xff, id2 0x23, id1 parity violation, id1 is normal flash content, id2 is normal flash content
Probing for SST SST49LF160C, 2048 kB: probe_82802ab: id1 0xd0, id2 0xeb, id1 is normal flash content, id2 is normal flash content
Probing for ST M29F002B, 256 kB: probe_jedec_common: id1 0xe0, id2 0x01, id1 is normal flash content, id2 is normal flash content
Probing for ST M29F002T/NT, 256 kB: probe_jedec_common: id1 0xe0, id2 0x01, id1 is normal flash content, id2 is normal flash content
Probing for ST M29F040B, 512 kB: probe_jedec_common: id1 0xcf, id2 0xc1, id1 parity violation, id1 is normal flash content, id2 is normal flash content
Probing for ST M29F400BB, 512 kB: probe_jedec_common: id1 0xcf, id2 0xe1, id1 parity violation, id1 is normal flash content, id2 is normal flash content
Probing for ST M29F400BT, 512 kB: probe_jedec_common: id1 0xcf, id2 0xe1, id1 parity violation, id1 is normal flash content, id2 is normal flash content
Probing for ST M29W010B, 128 kB: probe_jedec_common: id1 0xeb, id2 0x2e, id1 parity violation, id1 is normal flash content, id2 is normal flash content
Probing for ST M29W040B, 512 kB: probe_jedec_common: id1 0xcf, id2 0xc1, id1 parity violation, id1 is normal flash content, id2 is normal flash content
Probing for ST M29W512B, 64 kB: probe_jedec_common: id1 0x00, id2 0x00, id1 parity violation, id1 is normal flash content, id2 is normal flash content
Probing for ST M50FLW040A, 512 kB: probe_82802ab: id1 0xcf, id2 0xc1, id1 parity violation, id1 is normal flash content, id2 is normal flash content
Probing for ST M50FLW040B, 512 kB: probe_82802ab: id1 0xcf, id2 0xc1, id1 parity violation, id1 is normal flash content, id2 is normal flash content
Probing for ST M50FLW080A, 1024 kB: probe_82802ab: id1 0xff, id2 0x23, id1 parity violation, id1 is normal flash content, id2 is normal flash content
Probing for ST M50FLW080B, 1024 kB: probe_82802ab: id1 0xff, id2 0x23, id1 parity violation, id1 is normal flash content, id2 is normal flash content
Probing for ST M50FW002, 256 kB: probe_82802ab: id1 0xe0, id2 0x01, id1 is normal flash content, id2 is normal flash content
Probing for ST M50FW016, 2048 kB: probe_82802ab: id1 0xd0, id2 0xeb, id1 is normal flash content, id2 is normal flash content
Probing for ST M50FW040, 512 kB: probe_82802ab: id1 0xcf, id2 0xc1, id1 parity violation, id1 is normal flash content, id2 is normal flash content
Probing for ST M50FW080, 1024 kB: probe_82802ab: id1 0xff, id2 0x23, id1 parity violation, id1 is normal flash content, id2 is normal flash content
Probing for ST M50LPW080, 1024 kB: probe_82802ab: id1 0xff, id2 0x23, id1 parity violation, id1 is normal flash content, id2 is normal flash content
Probing for ST M50LPW116, 2048 kB: probe_82802ab: id1 0xd0, id2 0xeb, id1 is normal flash content, id2 is normal flash content
Probing for SyncMOS/MoselVitelic {F,S,V}29C51001B, 128 kB: probe_jedec_common: id1 0xeb, id2 0x2e, id1 parity violation, id1 is normal flash content, id2 is normal flash content
Probing for SyncMOS/MoselVitelic {F,S,V}29C51001T, 128 kB: probe_jedec_common: id1 0xeb, id2 0x2e, id1 parity violation, id1 is normal flash content, id2 is normal flash content
Probing for SyncMOS/MoselVitelic {F,S,V}29C51002B, 256 kB: probe_jedec_common: id1 0xe0, id2 0x01, id1 is normal flash content, id2 is normal flash content
Probing for SyncMOS/MoselVitelic {F,S,V}29C51002T, 256 kB: probe_jedec_common: id1 0xe0, id2 0x01, id1 is normal flash content, id2 is normal flash content
Probing for SyncMOS/MoselVitelic {F,S,V}29C51004B, 512 kB: probe_jedec_common: id1 0xcf, id2 0xc1, id1 parity violation, id1 is normal flash content, id2 is normal flash content
Probing for SyncMOS/MoselVitelic {F,S,V}29C51004T, 512 kB: probe_jedec_common: id1 0xcf, id2 0xc1, id1 parity violation, id1 is normal flash content, id2 is normal flash content
Probing for SyncMOS/MoselVitelic {S,V}29C31004B, 512 kB: probe_jedec_common: id1 0xcf, id2 0xc1, id1 parity violation, id1 is normal flash content, id2 is normal flash content
Probing for SyncMOS/MoselVitelic {S,V}29C31004T, 512 kB: probe_jedec_common: id1 0xcf, id2 0xc1, id1 parity violation, id1 is normal flash content, id2 is normal flash content
Probing for TI TMS29F002RB, 256 kB: probe_jedec_common: id1 0xe0, id2 0x01, id1 is normal flash content, id2 is normal flash content
Probing for TI TMS29F002RT, 256 kB: probe_jedec_common: id1 0xe0, id2 0x01, id1 is normal flash content, id2 is normal flash content
Probing for Winbond W29C512A/W29EE512, 64 kB: probe_jedec_common: id1 0x00, id2 0x00, id1 parity violation, id1 is normal flash content, id2 is normal flash content
Probing for Winbond W29C010(M)/W29C011A/W29EE011/W29EE012-old, 128 kB: Old Winbond W29* probe method disabled because the probing sequence puts the AMIC A49LF040A in a funky state. Use 'flashrom -c W29C010(M)/W29C011A/W29EE011/W29EE012-old' if you have a board with such a chip.
Probing for Winbond W29C010(M)/W29C011A/W29EE011/W29EE012, 128 kB: probe_jedec_common: id1 0xeb, id2 0x2e, id1 parity violation, id1 is normal flash content, id2 is normal flash content
Probing for Winbond W29C020(C)/W29C022, 256 kB: probe_jedec_common: id1 0xe0, id2 0x01, id1 is normal flash content, id2 is normal flash content
Probing for Winbond W29C040/P, 512 kB: probe_jedec_common: id1 0xcf, id2 0xc1, id1 parity violation, id1 is normal flash content, id2 is normal flash content
Probing for Winbond W29GL032CB, 4096 kB: probe_jedec_29gl: man_id 0xbe, dev_id 0xf4f726, man_id parity violation, man_id seems to be normal flash content, dev_id seems to be normal flash content
Probing for Winbond W29GL032CT, 4096 kB: probe_jedec_29gl: man_id 0xbe, dev_id 0xf4f726, man_id parity violation, man_id seems to be normal flash content, dev_id seems to be normal flash content
Probing for Winbond W29GL032CH/L, 4096 kB: probe_jedec_29gl: man_id 0xbe, dev_id 0xf4f726, man_id parity violation, man_id seems to be normal flash content, dev_id seems to be normal flash content
Probing for Winbond W29GL064CB, 8192 kB: probe_jedec_29gl: man_id 0xff, dev_id 0xffffff, man_id parity violation, man_id seems to be normal flash content, dev_id seems to be normal flash content
Probing for Winbond W29GL064CT, 8192 kB: probe_jedec_29gl: man_id 0xff, dev_id 0xffffff, man_id parity violation, man_id seems to be normal flash content, dev_id seems to be normal flash content
Probing for Winbond W29GL064CH/L, 8192 kB: probe_jedec_29gl: man_id 0xff, dev_id 0xffffff, man_id parity violation, man_id seems to be normal flash content, dev_id seems to be normal flash content
Probing for Winbond W29GL128C, 16384 kB: probe_jedec_29gl: man_id 0xff, dev_id 0xffffff, man_id parity violation, man_id seems to be normal flash content, dev_id seems to be normal flash content
Probing for Winbond W39F010, 128 kB: probe_jedec_common: id1 0xeb, id2 0x2e, id1 parity violation, id1 is normal flash content, id2 is normal flash content
Probing for Winbond W39L010, 128 kB: probe_jedec_common: id1 0xeb, id2 0x2e, id1 parity violation, id1 is normal flash content, id2 is normal flash content
Probing for Winbond W39L020, 256 kB: probe_jedec_common: id1 0xe0, id2 0x01, id1 is normal flash content, id2 is normal flash content
Probing for Winbond W39L040, 512 kB: probe_jedec_common: id1 0xcf, id2 0xc1, id1 parity violation, id1 is normal flash content, id2 is normal flash content
Probing for Winbond W39V040A, 512 kB: probe_jedec_common: id1 0xcf, id2 0xc1, id1 parity violation, id1 is normal flash content, id2 is normal flash content
Probing for Winbond W39V040B, 512 kB: probe_jedec_common: id1 0xcf, id2 0xc1, id1 parity violation, id1 is normal flash content, id2 is normal flash content
Probing for Winbond W39V040C, 512 kB: probe_jedec_common: id1 0xcf, id2 0xc1, id1 parity violation, id1 is normal flash content, id2 is normal flash content
Probing for Winbond W39V040FA, 512 kB: probe_jedec_common: id1 0xcf, id2 0xc1, id1 parity violation, id1 is normal flash content, id2 is normal flash content
Probing for Winbond W39V040FB, 512 kB: probe_jedec_common: id1 0xcf, id2 0xc1, id1 parity violation, id1 is normal flash content, id2 is normal flash content
Probing for Winbond W39V040FC, 512 kB: probe_jedec_common: id1 0xcf, id2 0xc1, id1 parity violation, id1 is normal flash content, id2 is normal flash content
Probing for Winbond W39V080A, 1024 kB: probe_jedec_common: id1 0xff, id2 0x23, id1 parity violation, id1 is normal flash content, id2 is normal flash content
Probing for Winbond W49F002U/N, 256 kB: probe_jedec_common: id1 0xe0, id2 0x01, id1 is normal flash content, id2 is normal flash content
Probing for Winbond W49F020, 256 kB: probe_jedec_common: id1 0xe0, id2 0x01, id1 is normal flash content, id2 is normal flash content
Probing for Winbond W49V002A, 256 kB: probe_jedec_common: id1 0xe0, id2 0x01, id1 is normal flash content, id2 is normal flash content
Probing for Winbond W49V002FA, 256 kB: probe_jedec_common: id1 0xe0, id2 0x01, id1 is normal flash content, id2 is normal flash content
Probing for Winbond W39V080FA, 1024 kB: probe_jedec_common: id1 0xff, id2 0x23, id1 parity violation, id1 is normal flash content, id2 is normal flash content
Probing for Winbond W39V080FA (dual mode), 512 kB: probe_jedec_common: id1 0xcf, id2 0xc1, id1 parity violation, id1 is normal flash content, id2 is normal flash content
Found Programmer flash chip "Opaque flash chip" (8192 kB, Programmer-specific).
Reading flash... Reading 8388608 bytes starting at 0x000000.
done.
Restoring PCI config space for 00:1f:5 reg 0xdc
