0000-0cf7 : PCI Bus 0000:00
  0000-001f : dma1
  0020-0021 : pic1
  0040-0043 : timer0
  0050-0053 : timer1
  0060-0060 : keyboard
  0062-0062 : PNP0C09:00
    0062-0062 : EC data
  0064-0064 : keyboard
  0066-0066 : PNP0C09:00
    0066-0066 : EC cmd
  0070-0077 : rtc0
  0080-008f : dma page reg
  00a0-00a1 : pic2
  00c0-00df : dma2
  00f0-00ff : fpu
  0680-069f : pnp 00:00
0cf8-0cff : PCI conf1
0d00-ffff : PCI Bus 0000:00
  164e-164f : pnp 00:00
  1800-18fe : pnp 00:00
    1800-1803 : ACPI PM1a_EVT_BLK
    1804-1805 : ACPI PM1a_CNT_BLK
    1808-180b : ACPI PM_TMR
    1850-1850 : ACPI PM2_CNT_BLK
    1854-1857 : pnp 00:02
    1880-189f : ACPI GPE0_BLK
  f000-f03f : 0000:00:02.0
  f040-f05f : 0000:00:1f.4
  ff00-fffe : pnp 00:05
  ffff-ffff : pnp 00:00
    ffff-ffff : pnp 00:00
      ffff-ffff : pnp 00:00
